Release 14.5 - xst P.58f (nt64)
Copyright (c) 1995-2012 Xilinx, Inc.  All rights reserved.
--> Parameter TMPDIR set to xst/projnav.tmp


Total REAL time to Xst completion: 0.00 secs
Total CPU time to Xst completion: 0.14 secs
 
--> Parameter xsthdpdir set to xst


Total REAL time to Xst completion: 0.00 secs
Total CPU time to Xst completion: 0.14 secs
 
--> Reading design: button_debounce.prj

TABLE OF CONTENTS
  1) Synthesis Options Summary
  2) HDL Parsing
  3) HDL Elaboration
  4) HDL Synthesis
       4.1) HDL Synthesis Report
  5) Advanced HDL Synthesis
       5.1) Advanced HDL Synthesis Report
  6) Low Level Synthesis
  7) Partition Report
  8) Design Summary
       8.1) Primitive and Black Box Usage
       8.2) Device utilization summary
       8.3) Partition Resource Summary
       8.4) Timing Report
            8.4.1) Clock Information
            8.4.2) Asynchronous Control Signals Information
            8.4.3) Timing Summary
            8.4.4) Timing Details
            8.4.5) Cross Clock Domains Report


=========================================================================
*                      Synthesis Options Summary                        *
=========================================================================
---- Source Parameters
Input File Name                    : "button_debounce.prj"
Ignore Synthesis Constraint File   : NO

---- Target Parameters
Output File Name                   : "button_debounce"
Output Format                      : NGC
Target Device                      : xc6slx16-2-csg324

---- Source Options
Top Module Name                    : button_debounce
Automatic FSM Extraction           : YES
FSM Encoding Algorithm             : Auto
Safe Implementation                : No
FSM Style                          : LUT
RAM Extraction                     : Yes
RAM Style                          : Auto
ROM Extraction                     : Yes
Shift Register Extraction          : YES
ROM Style                          : Auto
Resource Sharing                   : YES
Asynchronous To Synchronous        : NO
Shift Register Minimum Size        : 2
Use DSP Block                      : Auto
Automatic Register Balancing       : No

---- Target Options
LUT Combining                      : Auto
Reduce Control Sets                : Auto
Add IO Buffers                     : YES
Global Maximum Fanout              : 100000
Add Generic Clock Buffer(BUFG)     : 16
Register Duplication               : YES
Optimize Instantiated Primitives   : NO
Use Clock Enable                   : Auto
Use Synchronous Set                : Auto
Use Synchronous Reset              : Auto
Pack IO Registers into IOBs        : Auto
Equivalent register Removal        : YES

---- General Options
Optimization Goal                  : Speed
Optimization Effort                : 1
Power Reduction                    : NO
Keep Hierarchy                     : No
Netlist Hierarchy                  : As_Optimized
RTL Output                         : Yes
Global Optimization                : AllClockNets
Read Cores                         : YES
Write Timing Constraints           : NO
Cross Clock Analysis               : NO
Hierarchy Separator                : /
Bus Delimiter                      : <>
Case Specifier                     : Maintain
Slice Utilization Ratio            : 100
BRAM Utilization Ratio             : 100
DSP48 Utilization Ratio            : 100
Auto BRAM Packing                  : NO
Slice Utilization Ratio Delta      : 5

---- Other Options
Cores Search Directories           : {"ipcore_dir"  }

=========================================================================


=========================================================================
*                          HDL Parsing                                  *
=========================================================================
Analyzing Verilog file "\\ece-homes.ece.wpi.edu\richard.walker\ECE_574\Verilog_Projects\Project_2_5_2_2\button_debounce.v" into library work
Parsing module <button_debounce>.
Analyzing Verilog file "\\ece-homes.ece.wpi.edu\richard.walker\ECE_574\Verilog_Projects\Project_2_5_2_2\ipcore_dir\dcm_100\example_design\dcm_100_exdes.v" into library work
Parsing module <dcm_100_exdes>.

=========================================================================
*                            HDL Elaboration                            *
=========================================================================

Elaborating module <button_debounce>.

=========================================================================
*                           HDL Synthesis                               *
=========================================================================

Synthesizing Unit <button_debounce>.
    Related source file is "\\ece-homes.ece.wpi.edu\richard.walker\ECE_574\Verilog_Projects\Project_2_5_2_2\button_debounce.v".
        press_state = 2'b00
        release_state = 2'b01
        high_state = 2'b10
        low_state = 2'b11
    Found 2-bit register for signal <current_state>.
    Found 4-bit register for signal <clk_count>.
    Found finite state machine <FSM_0> for signal <current_state>.
    -----------------------------------------------------------------------
    | States             | 4                                              |
    | Transitions        | 6                                              |
    | Inputs             | 1                                              |
    | Outputs            | 1                                              |
    | Clock              | clk_10_en (rising_edge)                        |
    | Reset              | rst (positive)                                 |
    | Reset type         | asynchronous                                   |
    | Reset State        | 00                                             |
    | Encoding           | auto                                           |
    | Implementation     | LUT                                            |
    -----------------------------------------------------------------------
    Found 4-bit adder for signal <clk_count[3]_GND_1_o_add_1_OUT> created at line 50.
    Summary:
	inferred   1 Adder/Subtractor(s).
	inferred   4 D-type flip-flop(s).
	inferred   1 Multiplexer(s).
	inferred   1 Finite State Machine(s).
Unit <button_debounce> synthesized.

=========================================================================
HDL Synthesis Report

Macro Statistics
# Adders/Subtractors                                   : 1
 4-bit adder                                           : 1
# Registers                                            : 1
 4-bit register                                        : 1
# Multiplexers                                         : 1
 4-bit 2-to-1 multiplexer                              : 1
# FSMs                                                 : 1

=========================================================================

=========================================================================
*                       Advanced HDL Synthesis                          *
=========================================================================


Synthesizing (advanced) Unit <button_debounce>.
The following registers are absorbed into counter <clk_count>: 1 register on signal <clk_count>.
Unit <button_debounce> synthesized (advanced).

=========================================================================
Advanced HDL Synthesis Report

Macro Statistics
# Counters                                             : 1
 4-bit up counter                                      : 1
# FSMs                                                 : 1

=========================================================================

=========================================================================
*                         Low Level Synthesis                           *
=========================================================================
Analyzing FSM <MFsm> for best encoding.
Optimizing FSM <FSM_0> on signal <current_state[1:2]> with user encoding.
-------------------
 State | Encoding
-------------------
 00    | 00
 01    | 01
 10    | 10
 11    | 11
-------------------

Optimizing unit <button_debounce> ...

Mapping all equations...
Building and optimizing final netlist ...
Found area constraint ratio of 100 (+ 5) on block button_debounce, actual ratio is 0.

Final Macro Processing ...

=========================================================================
Final Register Report

Macro Statistics
# Registers                                            : 6
 Flip-Flops                                            : 6

=========================================================================

=========================================================================
*                           Partition Report                            *
=========================================================================

Partition Implementation Status
-------------------------------

  No Partitions were found in this design.

-------------------------------

=========================================================================
*                            Design Summary                             *
=========================================================================

Top Level Output File Name         : button_debounce.ngc

Primitive and Black Box Usage:
------------------------------
# BELS                             : 8
#      INV                         : 1
#      LUT2                        : 1
#      LUT3                        : 3
#      LUT4                        : 3
# FlipFlops/Latches                : 6
#      FDC                         : 6
# Clock Buffers                    : 1
#      BUFGP                       : 1
# IO Buffers                       : 3
#      IBUF                        : 2
#      OBUF                        : 1

Device utilization summary:
---------------------------

Selected Device : 6slx16csg324-2 


Slice Logic Utilization: 
 Number of Slice Registers:               6  out of  18224     0%  
 Number of Slice LUTs:                    8  out of   9112     0%  
    Number used as Logic:                 8  out of   9112     0%  

Slice Logic Distribution: 
 Number of LUT Flip Flop pairs used:     14
   Number with an unused Flip Flop:       8  out of     14    57%  
   Number with an unused LUT:             6  out of     14    42%  
   Number of fully used LUT-FF pairs:     0  out of     14     0%  
   Number of unique control sets:         2

IO Utilization: 
 Number of IOs:                           4
 Number of bonded IOBs:                   4  out of    232     1%  

Specific Feature Utilization:
 Number of BUFG/BUFGCTRL/BUFHCEs:         1  out of     16     6%  

---------------------------
Partition Resource Summary:
---------------------------

  No Partitions were found in this design.

---------------------------


=========================================================================
Timing Report

NOTE: THESE TIMING NUMBERS ARE ONLY A SYNTHESIS ESTIMATE.
      FOR ACCURATE TIMING INFORMATION PLEASE REFER TO THE TRACE REPORT
      GENERATED AFTER PLACE-and-ROUTE.

Clock Information:
------------------
-----------------------------------+--------------------------------+-------+
Clock Signal                       | Clock buffer(FF name)          | Load  |
-----------------------------------+--------------------------------+-------+
clk                                | BUFGP                          | 4     |
clk_10_en(clk_10_en1:O)            | NONE(*)(current_state_FSM_FFd2)| 2     |
-----------------------------------+--------------------------------+-------+
(*) This 1 clock signal(s) are generated by combinatorial logic,
and XST is not able to identify which are the primary clock signals.
Please use the CLOCK_SIGNAL constraint to specify the clock signal(s) generated by combinatorial logic.
INFO:Xst:2169 - HDL ADVISOR - Some clock signals were not automatically buffered by XST with BUFG/BUFR resources. Please use the buffer_type constraint in order to insert these buffers to the clock signals to help prevent skew problems.

Asynchronous Control Signals Information:
----------------------------------------
No asynchronous control signals found in this design

Timing Summary:
---------------
Speed Grade: -2

   Minimum period: 2.375ns (Maximum Frequency: 421.053MHz)
   Minimum input arrival time before clock: 2.662ns
   Maximum output required time after clock: 5.242ns
   Maximum combinational path delay: No path found

Timing Details:
---------------
All values displayed in nanoseconds (ns)

=========================================================================
Timing constraint: Default period analysis for Clock 'clk'
  Clock period: 2.375ns (frequency: 421.053MHz)
  Total number of paths / destination ports: 12 / 4
-------------------------------------------------------------------------
Delay:               2.375ns (Levels of Logic = 1)
  Source:            clk_count_0 (FF)
  Destination:       clk_count_0 (FF)
  Source Clock:      clk rising
  Destination Clock: clk rising

  Data Path: clk_count_0 to clk_count_0
                                Gate     Net
    Cell:in->out      fanout   Delay   Delay  Logical Name (Net Name)
    ----------------------------------------  ------------
     FDC:C->Q              5   0.525   0.840  clk_count_0 (clk_count_0)
     INV:I->O              1   0.255   0.681  Mcount_clk_count_xor<0>11_INV_0 (Mcount_clk_count)
     FDC:D                     0.074          clk_count_0
    ----------------------------------------
    Total                      2.375ns (0.854ns logic, 1.521ns route)
                                       (36.0% logic, 64.0% route)

=========================================================================
Timing constraint: Default period analysis for Clock 'clk_10_en'
  Clock period: 1.723ns (frequency: 580.383MHz)
  Total number of paths / destination ports: 4 / 2
-------------------------------------------------------------------------
Delay:               1.723ns (Levels of Logic = 1)
  Source:            current_state_FSM_FFd2 (FF)
  Destination:       current_state_FSM_FFd2 (FF)
  Source Clock:      clk_10_en rising
  Destination Clock: clk_10_en rising

  Data Path: current_state_FSM_FFd2 to current_state_FSM_FFd2
                                Gate     Net
    Cell:in->out      fanout   Delay   Delay  Logical Name (Net Name)
    ----------------------------------------  ------------
     FDC:C->Q              3   0.525   0.874  current_state_FSM_FFd2 (current_state_FSM_FFd2)
     LUT3:I1->O            1   0.250   0.000  current_state_FSM_FFd2-In1 (current_state_FSM_FFd2-In)
     FDC:D                     0.074          current_state_FSM_FFd2
    ----------------------------------------
    Total                      1.723ns (0.849ns logic, 0.874ns route)
                                       (49.3% logic, 50.7% route)

=========================================================================
Timing constraint: Default OFFSET IN BEFORE for Clock 'clk'
  Total number of paths / destination ports: 4 / 4
-------------------------------------------------------------------------
Offset:              2.662ns (Levels of Logic = 1)
  Source:            rst (PAD)
  Destination:       clk_count_0 (FF)
  Destination Clock: clk rising

  Data Path: rst to clk_count_0
                                Gate     Net
    Cell:in->out      fanout   Delay   Delay  Logical Name (Net Name)
    ----------------------------------------  ------------
     IBUF:I->O             6   1.328   0.875  rst_IBUF (rst_IBUF)
     FDC:CLR                   0.459          clk_count_0
    ----------------------------------------
    Total                      2.662ns (1.787ns logic, 0.875ns route)
                                       (67.1% logic, 32.9% route)

=========================================================================
Timing constraint: Default OFFSET IN BEFORE for Clock 'clk_10_en'
  Total number of paths / destination ports: 4 / 4
-------------------------------------------------------------------------
Offset:              2.662ns (Levels of Logic = 1)
  Source:            rst (PAD)
  Destination:       current_state_FSM_FFd2 (FF)
  Destination Clock: clk_10_en rising

  Data Path: rst to current_state_FSM_FFd2
                                Gate     Net
    Cell:in->out      fanout   Delay   Delay  Logical Name (Net Name)
    ----------------------------------------  ------------
     IBUF:I->O             6   1.328   0.875  rst_IBUF (rst_IBUF)
     FDC:CLR                   0.459          current_state_FSM_FFd2
    ----------------------------------------
    Total                      2.662ns (1.787ns logic, 0.875ns route)
                                       (67.1% logic, 32.9% route)

=========================================================================
Timing constraint: Default OFFSET OUT AFTER for Clock 'clk_10_en'
  Total number of paths / destination ports: 2 / 1
-------------------------------------------------------------------------
Offset:              5.242ns (Levels of Logic = 2)
  Source:            current_state_FSM_FFd2 (FF)
  Destination:       pulse (PAD)
  Source Clock:      clk_10_en rising

  Data Path: current_state_FSM_FFd2 to pulse
                                Gate     Net
    Cell:in->out      fanout   Delay   Delay  Logical Name (Net Name)
    ----------------------------------------  ------------
     FDC:C->Q              3   0.525   0.874  current_state_FSM_FFd2 (current_state_FSM_FFd2)
     LUT2:I0->O            1   0.250   0.681  current_state_pulse1 (pulse_OBUF)
     OBUF:I->O                 2.912          pulse_OBUF (pulse)
    ----------------------------------------
    Total                      5.242ns (3.687ns logic, 1.555ns route)
                                       (70.3% logic, 29.7% route)

=========================================================================

Cross Clock Domains Report:
--------------------------

Clock to Setup on destination clock clk
---------------+---------+---------+---------+---------+
               | Src:Rise| Src:Fall| Src:Rise| Src:Fall|
Source Clock   |Dest:Rise|Dest:Rise|Dest:Fall|Dest:Fall|
---------------+---------+---------+---------+---------+
clk            |    2.375|         |         |         |
---------------+---------+---------+---------+---------+

Clock to Setup on destination clock clk_10_en
---------------+---------+---------+---------+---------+
               | Src:Rise| Src:Fall| Src:Rise| Src:Fall|
Source Clock   |Dest:Rise|Dest:Rise|Dest:Fall|Dest:Fall|
---------------+---------+---------+---------+---------+
clk_10_en      |    1.723|         |         |         |
---------------+---------+---------+---------+---------+

=========================================================================


Total REAL time to Xst completion: 5.00 secs
Total CPU time to Xst completion: 5.22 secs
 
--> 

Total memory usage is 256328 kilobytes

Number of errors   :    0 (   0 filtered)
Number of warnings :    0 (   0 filtered)
Number of infos    :    1 (   0 filtered)

