Release 14.5 Map P.58f (nt64)
Xilinx Mapping Report File for Design 'fgpa_sram'

Design Information
------------------
Command Line   : map -intstyle ise -p xc6slx16-csg324-2 -w -logic_opt off -ol
high -t 1 -xt 0 -register_duplication off -r 4 -global_opt off -mt off -ir off
-pr off -lc off -power off -o fgpa_sram_map.ncd fgpa_sram.ngd fgpa_sram.pcf 
Target Device  : xc6slx16
Target Package : csg324
Target Speed   : -2
Mapper Version : spartan6 -- $Revision: 1.55 $
Mapped Date    : Sun Nov 02 23:21:36 2014

Design Summary
--------------
Number of errors:      0
Number of warnings:    1
Slice Logic Utilization:
  Number of Slice Registers:                    25 out of  18,224    1%
    Number used as Flip Flops:                  25
    Number used as Latches:                      0
    Number used as Latch-thrus:                  0
    Number used as AND/OR logics:                0
  Number of Slice LUTs:                         46 out of   9,112    1%
    Number used as logic:                       46 out of   9,112    1%
      Number using O6 output only:              18
      Number using O5 output only:               0
      Number using O5 and O6:                   28
      Number used as ROM:                        0
    Number used as Memory:                       0 out of   2,176    0%

Slice Logic Distribution:
  Number of occupied Slices:                    25 out of   2,278    1%
  Number of MUXCYs used:                        12 out of   4,556    1%
  Number of LUT Flip Flop pairs used:           46
    Number with an unused Flip Flop:            25 out of      46   54%
    Number with an unused LUT:                   0 out of      46    0%
    Number of fully used LUT-FF pairs:          21 out of      46   45%
    Number of unique control sets:               5
    Number of slice register sites lost
      to control set restrictions:              23 out of  18,224    1%

  A LUT Flip Flop pair for this architecture represents one LUT paired with
  one Flip Flop within a slice.  A control set is a unique combination of
  clock, reset, set, and enable signals for a registered element.
  The Slice Logic Distribution report is not meaningful if the design is
  over-mapped for a non-slice resource or if Placement fails.

IO Utilization:
  Number of bonded IOBs:                        70 out of     232   30%
    Number of LOCed IOBs:                       70 out of      70  100%
    IOB Flip Flops:                              8

Specific Feature Utilization:
  Number of RAMB16BWERs:                         0 out of      32    0%
  Number of RAMB8BWERs:                          0 out of      64    0%
  Number of BUFIO2/BUFIO2_2CLKs:                 1 out of      32    3%
    Number used as BUFIO2s:                      1
    Number used as BUFIO2_2CLKs:                 0
  Number of BUFIO2FB/BUFIO2FB_2CLKs:             1 out of      32    3%
    Number used as BUFIO2FBs:                    1
    Number used as BUFIO2FB_2CLKs:               0
  Number of BUFG/BUFGMUXs:                       2 out of      16   12%
    Number used as BUFGs:                        2
    Number used as BUFGMUX:                      0
  Number of DCM/DCM_CLKGENs:                     1 out of       4   25%
    Number used as DCMs:                         1
    Number used as DCM_CLKGENs:                  0
  Number of ILOGIC2/ISERDES2s:                   8 out of     248    3%
    Number used as ILOGIC2s:                     8
    Number used as ISERDES2s:                    0
  Number of IODELAY2/IODRP2/IODRP2_MCBs:         0 out of     248    0%
  Number of OLOGIC2/OSERDES2s:                   0 out of     248    0%
  Number of BSCANs:                              0 out of       4    0%
  Number of BUFHs:                               0 out of     128    0%
  Number of BUFPLLs:                             0 out of       8    0%
  Number of BUFPLL_MCBs:                         0 out of       4    0%
  Number of DSP48A1s:                            0 out of      32    0%
  Number of ICAPs:                               0 out of       1    0%
  Number of MCBs:                                0 out of       2    0%
  Number of PCILOGICSEs:                         0 out of       2    0%
  Number of PLL_ADVs:                            0 out of       2    0%
  Number of PMVs:                                0 out of       1    0%
  Number of STARTUPs:                            0 out of       1    0%
  Number of SUSPEND_SYNCs:                       0 out of       1    0%

Average Fanout of Non-Clock Nets:                2.52

Peak Memory Usage:  358 MB
Total REAL time to MAP completion:  5 secs 
Total CPU time to MAP completion:   4 secs 

Table of Contents
-----------------
Section 1 - Errors
Section 2 - Warnings
Section 3 - Informational
Section 4 - Removed Logic Summary
Section 5 - Removed Logic
Section 6 - IOB Properties
Section 7 - RPMs
Section 8 - Guide Report
Section 9 - Area Group and Partition Summary
Section 10 - Timing Report
Section 11 - Configuration String Information
Section 12 - Control Set Information
Section 13 - Utilization by Hierarchy

Section 1 - Errors
------------------

Section 2 - Warnings
--------------------
WARNING:Security:43 - No license file was found in the standard Xilinx license
directory.
WARNING:Security:44 - Since no license file was found,
WARNING:Security:42 - Your software subscription period has lapsed. Your current
version of Xilinx tools will continue to function, but you no longer qualify for
Xilinx software updates or new releases.
WARNING:PhysDesignRules:372 - Gated clock. Clock net U2/clk_10_en is sourced by
   a combinatorial pin. This is not good design practice. Use the CE pin to
   control the loading of data into the flip-flop.

Section 3 - Informational
-------------------------
INFO:Security:50 - The XILINXD_LICENSE_FILE environment variable is set to
'2100@xils.ece.wpi.edu'.
INFO:Security:52 - The LM_LICENSE_FILE environment variable is set to
'27001@altera.ece.wpi.edu;27002@ansl.ece.wpi.edu'.
INFO:Security:54 - 'xc6slx16' is a WebPack part.
INFO:MapLib:562 - No environment variables are currently set.
INFO:MapLib:159 - Net Timing constraints on signal fpga_clk are pushed forward
   through input buffer.
INFO:LIT:244 - All of the single ended outputs in this design are using slew
   rate limited output drivers. The delay on speed critical single ended outputs
   can be dramatically reduced by designating them as fast outputs.
INFO:Pack:1716 - Initializing temperature to 85.000 Celsius. (default - Range:
   0.000 to 85.000 Celsius)
INFO:Pack:1720 - Initializing voltage to 1.140 Volts. (default - Range: 1.140 to
   1.260 Volts)
INFO:Map:215 - The Interim Design Summary has been generated in the MAP Report
   (.mrp).
INFO:Pack:1650 - Map created a placed design.
INFO:PhysDesignRules:1861 - To achieve optimal frequency synthesis performance
   with the CLKFX and CLKFX180 outputs of the DCM comp U1/dcm_sp_inst, consult
   the device Data Sheet.

Section 4 - Removed Logic Summary
---------------------------------
   2 block(s) optimized away

Section 5 - Removed Logic
-------------------------

Optimized Block(s):
TYPE 		BLOCK
GND 		XST_GND
VCC 		XST_VCC

Section 6 - IOB Properties
--------------------------

+---------------------------------------------------------------------------------------------------------------------------------------------------------+
| IOB Name                           | Type             | Direction | IO Standard          | Diff  | Drive    | Slew | Reg (s)      | Resistor | IOB      |
|                                    |                  |           |                      | Term  | Strength | Rate |              |          | Delay    |
+---------------------------------------------------------------------------------------------------------------------------------------------------------+
| addr<0>                            | IOB              | OUTPUT    | LVCMOS25             |       | 12       | SLOW |              |          |          |
| addr<1>                            | IOB              | OUTPUT    | LVCMOS25             |       | 12       | SLOW |              |          |          |
| addr<2>                            | IOB              | OUTPUT    | LVCMOS25             |       | 12       | SLOW |              |          |          |
| addr<3>                            | IOB              | OUTPUT    | LVCMOS25             |       | 12       | SLOW |              |          |          |
| addr<4>                            | IOB              | OUTPUT    | LVCMOS25             |       | 12       | SLOW |              |          |          |
| addr<5>                            | IOB              | OUTPUT    | LVCMOS25             |       | 12       | SLOW |              |          |          |
| addr<6>                            | IOB              | OUTPUT    | LVCMOS25             |       | 12       | SLOW |              |          |          |
| addr<7>                            | IOB              | OUTPUT    | LVCMOS25             |       | 12       | SLOW |              |          |          |
| addr<8>                            | IOB              | OUTPUT    | LVCMOS25             |       | 12       | SLOW |              |          |          |
| addr<9>                            | IOB              | OUTPUT    | LVCMOS25             |       | 12       | SLOW |              |          |          |
| addr<10>                           | IOB              | OUTPUT    | LVCMOS25             |       | 12       | SLOW |              |          |          |
| addr<11>                           | IOB              | OUTPUT    | LVCMOS25             |       | 12       | SLOW |              |          |          |
| addr<12>                           | IOB              | OUTPUT    | LVCMOS25             |       | 12       | SLOW |              |          |          |
| addr<13>                           | IOB              | OUTPUT    | LVCMOS25             |       | 12       | SLOW |              |          |          |
| addr<14>                           | IOB              | OUTPUT    | LVCMOS25             |       | 12       | SLOW |              |          |          |
| addr<15>                           | IOB              | OUTPUT    | LVCMOS25             |       | 12       | SLOW |              |          |          |
| addr<16>                           | IOB              | OUTPUT    | LVCMOS25             |       | 12       | SLOW |              |          |          |
| addr<17>                           | IOB              | OUTPUT    | LVCMOS25             |       | 12       | SLOW |              |          |          |
| addr<18>                           | IOB              | OUTPUT    | LVCMOS25             |       | 12       | SLOW |              |          |          |
| addr<19>                           | IOB              | OUTPUT    | LVCMOS25             |       | 12       | SLOW |              |          |          |
| addr<20>                           | IOB              | OUTPUT    | LVCMOS25             |       | 12       | SLOW |              |          |          |
| addr<21>                           | IOB              | OUTPUT    | LVCMOS25             |       | 12       | SLOW |              |          |          |
| addr<22>                           | IOB              | OUTPUT    | LVCMOS25             |       | 12       | SLOW |              |          |          |
| addr<23>                           | IOB              | OUTPUT    | LVCMOS25             |       | 12       | SLOW |              |          |          |
| addr<24>                           | IOB              | OUTPUT    | LVCMOS25             |       | 12       | SLOW |              |          |          |
| addr<25>                           | IOB              | OUTPUT    | LVCMOS25             |       | 12       | SLOW |              |          |          |
| adv                                | IOB              | OUTPUT    | LVCMOS25             |       | 12       | SLOW |              |          |          |
| anodes<0>                          | IOB              | OUTPUT    | LVCMOS25             |       | 12       | SLOW |              |          |          |
| anodes<1>                          | IOB              | OUTPUT    | LVCMOS25             |       | 12       | SLOW |              |          |          |
| anodes<2>                          | IOB              | OUTPUT    | LVCMOS25             |       | 12       | SLOW |              |          |          |
| anodes<3>                          | IOB              | OUTPUT    | LVCMOS25             |       | 12       | SLOW |              |          |          |
| ce                                 | IOB              | OUTPUT    | LVCMOS25             |       | 12       | SLOW |              |          |          |
| clk_lock                           | IOB              | OUTPUT    | LVCMOS25             |       | 12       | SLOW |              |          |          |
| cre                                | IOB              | OUTPUT    | LVCMOS25             |       | 12       | SLOW |              |          |          |
| databus<0>                         | IOB              | BIDIR     | LVCMOS25             |       | 12       | SLOW | IFF          |          |          |
| databus<1>                         | IOB              | BIDIR     | LVCMOS25             |       | 12       | SLOW | IFF          |          |          |
| databus<2>                         | IOB              | BIDIR     | LVCMOS25             |       | 12       | SLOW | IFF          |          |          |
| databus<3>                         | IOB              | BIDIR     | LVCMOS25             |       | 12       | SLOW | IFF          |          |          |
| databus<4>                         | IOB              | BIDIR     | LVCMOS25             |       | 12       | SLOW | IFF          |          |          |
| databus<5>                         | IOB              | BIDIR     | LVCMOS25             |       | 12       | SLOW | IFF          |          |          |
| databus<6>                         | IOB              | BIDIR     | LVCMOS25             |       | 12       | SLOW | IFF          |          |          |
| databus<7>                         | IOB              | BIDIR     | LVCMOS25             |       | 12       | SLOW | IFF          |          |          |
| fpga_clk                           | IOB              | INPUT     | LVCMOS25             |       |          |      |              |          |          |
| lb                                 | IOB              | OUTPUT    | LVCMOS25             |       | 12       | SLOW |              |          |          |
| oe                                 | IOB              | OUTPUT    | LVCMOS25             |       | 12       | SLOW |              |          |          |
| read                               | IOB              | INPUT     | LVCMOS25             |       |          |      |              |          |          |
| read_led                           | IOB              | OUTPUT    | LVCMOS25             |       | 12       | SLOW |              |          |          |
| read_out                           | IOB              | OUTPUT    | LVCMOS25             |       | 12       | SLOW |              |          |          |
| rst                                | IOB              | INPUT     | LVCMOS25             |       |          |      |              |          |          |
| segments<0>                        | IOB              | OUTPUT    | LVCMOS25             |       | 12       | SLOW |              |          |          |
| segments<1>                        | IOB              | OUTPUT    | LVCMOS25             |       | 12       | SLOW |              |          |          |
| segments<2>                        | IOB              | OUTPUT    | LVCMOS25             |       | 12       | SLOW |              |          |          |
| segments<3>                        | IOB              | OUTPUT    | LVCMOS25             |       | 12       | SLOW |              |          |          |
| segments<4>                        | IOB              | OUTPUT    | LVCMOS25             |       | 12       | SLOW |              |          |          |
| segments<5>                        | IOB              | OUTPUT    | LVCMOS25             |       | 12       | SLOW |              |          |          |
| segments<6>                        | IOB              | OUTPUT    | LVCMOS25             |       | 12       | SLOW |              |          |          |
| sram_clk                           | IOB              | OUTPUT    | LVCMOS25             |       | 12       | SLOW |              |          |          |
| switches<0>                        | IOB              | INPUT     | LVCMOS25             |       |          |      |              |          |          |
| switches<1>                        | IOB              | INPUT     | LVCMOS25             |       |          |      |              |          |          |
| switches<2>                        | IOB              | INPUT     | LVCMOS25             |       |          |      |              |          |          |
| switches<3>                        | IOB              | INPUT     | LVCMOS25             |       |          |      |              |          |          |
| switches<4>                        | IOB              | INPUT     | LVCMOS25             |       |          |      |              |          |          |
| switches<5>                        | IOB              | INPUT     | LVCMOS25             |       |          |      |              |          |          |
| switches<6>                        | IOB              | INPUT     | LVCMOS25             |       |          |      |              |          |          |
| switches<7>                        | IOB              | INPUT     | LVCMOS25             |       |          |      |              |          |          |
| ub                                 | IOB              | OUTPUT    | LVCMOS25             |       | 12       | SLOW |              |          |          |
| we                                 | IOB              | OUTPUT    | LVCMOS25             |       | 12       | SLOW |              |          |          |
| write                              | IOB              | INPUT     | LVCMOS25             |       |          |      |              |          |          |
| write_led                          | IOB              | OUTPUT    | LVCMOS25             |       | 12       | SLOW |              |          |          |
| write_out                          | IOB              | OUTPUT    | LVCMOS25             |       | 12       | SLOW |              |          |          |
+---------------------------------------------------------------------------------------------------------------------------------------------------------+

Section 7 - RPMs
----------------

Section 8 - Guide Report
------------------------
Guide not run on this design.

Section 9 - Area Group and Partition Summary
--------------------------------------------

Partition Implementation Status
-------------------------------

  No Partitions were found in this design.

-------------------------------

Area Group Information
----------------------

  No area groups were found in this design.

----------------------

Section 10 - Timing Report
--------------------------
A logic-level (pre-route) timing report can be generated by using Xilinx static
timing analysis tools, Timing Analyzer (GUI) or TRCE (command line), with the
mapped NCD and PCF files. Please note that this timing report will be generated
using estimated delay information. For accurate numbers, please generate a
timing report with the post Place and Route NCD file.

For more information about the Timing Analyzer, consult the Xilinx Timing
Analyzer Reference Manual; for more information about TRCE, consult the Xilinx
Command Line Tools User Guide "TRACE" chapter.

Section 11 - Configuration String Details
-----------------------------------------
Use the "-detail" map option to print out Configuration Strings

Section 12 - Control Set Information
------------------------------------
Use the "-detail" map option to print out Control Set Information.

Section 13 - Utilization by Hierarchy
-------------------------------------
Use the "-detail" map option to print out the Utilization by Hierarchy section.
