Release 14.5 - ngc2edif P.58f (nt64)
Copyright (c) 1995-2012 Xilinx, Inc.  All rights reserved.
Reading design ctrl_logic.ngc ...
WARNING:NetListWriters:298 - No output is written to ctrl_logic.xncf, ignored.
Processing design ...
   Preping design's networks ...
   Preping design's macros ...
  finished :Prep
Writing EDIF netlist file ctrl_logic.edif ...
ngc2edif: Total memory usage is 79212 kilobytes

Release 14.5 - ngc2edif P.58f (nt64)
Copyright (c) 1995-2012 Xilinx, Inc.  All rights reserved.
Reading design fgpa_sram.ngc ...
WARNING:NetListWriters:298 - No output is written to fgpa_sram.xncf, ignored.
Processing design ...
   Preping design's networks ...
   Preping design's macros ...
WARNING:NetListWriters:306 - Signal bus U4/clk_count<3 : 0> on block fgpa_sram
   is not reconstructed, because there are some missing bus signals.
WARNING:NetListWriters:306 - Signal bus U4/count_10Hz<22 : 0> on block fgpa_sram
   is not reconstructed, because there are some missing bus signals.
WARNING:NetListWriters:306 - Signal bus Result<22 : 0> on block fgpa_sram is not
   reconstructed, because there are some missing bus signals.
  finished :Prep
Writing EDIF netlist file fgpa_sram.edif ...
ngc2edif: Total memory usage is 80300 kilobytes

